{"C:\\Dev logiciel web\\S5\\Marvel-app\\marvel-app\\src\\api\\characters-api.js": {"path":"C:\\Dev logiciel web\\S5\\Marvel-app\\marvel-app\\src\\api\\characters-api.js","statementMap":{"0":{"start":{"line":8,"column":4},"end":{"line":8,"column":22}},"1":{"start":{"line":13,"column":4},"end":{"line":13,"column":61}},"2":{"start":{"line":13,"column":40},"end":{"line":13,"column":59}}},"fnMap":{"0":{"name":"getCharacters","decl":{"start":{"line":7,"column":16},"end":{"line":7,"column":29}},"loc":{"start":{"line":7,"column":32},"end":{"line":9,"column":1}},"line":7},"1":{"name":"getCharacterById","decl":{"start":{"line":12,"column":16},"end":{"line":12,"column":32}},"loc":{"start":{"line":12,"column":37},"end":{"line":14,"column":1}},"line":12},"2":{"name":"(anonymous_2)","decl":{"start":{"line":13,"column":27},"end":{"line":13,"column":28}},"loc":{"start":{"line":13,"column":40},"end":{"line":13,"column":59}},"line":13}},"branchMap":{},"s":{"0":1,"1":2,"2":4},"f":{"0":1,"1":2,"2":4},"b":{},"_coverageSchema":"1a1c01bbd47fc00a2c39e90264f33305004495a9","hash":"3d8aec71eb0e74a9b7f35f42bc5f472ee8d8862c"}
,"C:\\Dev logiciel web\\S5\\Marvel-app\\marvel-app\\src\\components\\numberofcharacters.jsx": {"path":"C:\\Dev logiciel web\\S5\\Marvel-app\\marvel-app\\src\\components\\numberofcharacters.jsx","statementMap":{"0":{"start":{"line":2,"column":16},"end":{"line":2,"column":33}},"1":{"start":{"line":4,"column":2},"end":{"line":8,"column":4}}},"fnMap":{"0":{"name":"NumberOfCharacters","decl":{"start":{"line":1,"column":16},"end":{"line":1,"column":34}},"loc":{"start":{"line":1,"column":54},"end":{"line":9,"column":1}},"line":1}},"branchMap":{"0":{"loc":{"start":{"line":1,"column":37},"end":{"line":1,"column":51}},"type":"default-arg","locations":[{"start":{"line":1,"column":49},"end":{"line":1,"column":51}}],"line":1},"1":{"loc":{"start":{"line":6,"column":7},"end":{"line":6,"column":97}},"type":"cond-expr","locations":[{"start":{"line":6,"column":19},"end":{"line":6,"column":71}},{"start":{"line":6,"column":74},"end":{"line":6,"column":97}}],"line":6},"2":{"loc":{"start":{"line":6,"column":49},"end":{"line":6,"column":69}},"type":"cond-expr","locations":[{"start":{"line":6,"column":61},"end":{"line":6,"column":64}},{"start":{"line":6,"column":67},"end":{"line":6,"column":69}}],"line":6}},"s":{"0":3,"1":3},"f":{"0":3},"b":{"0":[0],"1":[2,1],"2":[1,1]},"_coverageSchema":"1a1c01bbd47fc00a2c39e90264f33305004495a9","hash":"6ec5d5ce3450e1368cb250188f4af6b17e9d5ee6"}
}
