{"C:\\Dev logiciel web\\S5\\Marvel-app\\marvel-app\\src\\App.jsx": {"path":"C:\\Dev logiciel web\\S5\\Marvel-app\\marvel-app\\src\\App.jsx","statementMap":{"0":{"start":{"line":6,"column":15},"end":{"line":6,"column":42}},"1":{"start":{"line":9,"column":2},"end":{"line":11,"column":3}}},"fnMap":{"0":{"name":"App","decl":{"start":{"line":8,"column":9},"end":{"line":8,"column":12}},"loc":{"start":{"line":8,"column":15},"end":{"line":12,"column":1}},"line":8}},"branchMap":{},"s":{"0":0,"1":0},"f":{"0":0},"b":{}}
,"C:\\Dev logiciel web\\S5\\Marvel-app\\marvel-app\\src\\layout.jsx": {"path":"C:\\Dev logiciel web\\S5\\Marvel-app\\marvel-app\\src\\layout.jsx","statementMap":{"0":{"start":{"line":5,"column":15},"end":{"line":22,"column":1}},"1":{"start":{"line":6,"column":4},"end":{"line":21,"column":6}}},"fnMap":{"0":{"name":"(anonymous_0)","decl":{"start":{"line":5,"column":15},"end":{"line":5,"column":16}},"loc":{"start":{"line":5,"column":21},"end":{"line":22,"column":1}},"line":5}},"branchMap":{},"s":{"0":0,"1":0},"f":{"0":0},"b":{}}
,"C:\\Dev logiciel web\\S5\\Marvel-app\\marvel-app\\src\\main.jsx": {"path":"C:\\Dev logiciel web\\S5\\Marvel-app\\marvel-app\\src\\main.jsx","statementMap":{"0":{"start":{"line":6,"column":0},"end":{"line":10,"column":1}}},"fnMap":{},"branchMap":{},"s":{"0":0},"f":{},"b":{}}
,"C:\\Dev logiciel web\\S5\\Marvel-app\\marvel-app\\src\\routes.jsx": {"path":"C:\\Dev logiciel web\\S5\\Marvel-app\\marvel-app\\src\\routes.jsx","statementMap":{"0":{"start":{"line":10,"column":15},"end":{"line":31,"column":1}},"1":{"start":{"line":22,"column":38},"end":{"line":22,"column":71}},"2":{"start":{"line":23,"column":20},"end":{"line":25,"column":21}},"3":{"start":{"line":24,"column":24},"end":{"line":24,"column":83}},"4":{"start":{"line":26,"column":20},"end":{"line":26,"column":37}}},"fnMap":{"0":{"name":"(anonymous_0)","decl":{"start":{"line":21,"column":24},"end":{"line":21,"column":25}},"loc":{"start":{"line":21,"column":46},"end":{"line":27,"column":17}},"line":21}},"branchMap":{"0":{"loc":{"start":{"line":23,"column":20},"end":{"line":25,"column":21}},"type":"if","locations":[{"start":{"line":23,"column":20},"end":{"line":25,"column":21}},{"start":{},"end":{}}],"line":23}},"s":{"0":0,"1":0,"2":0,"3":0,"4":0},"f":{"0":0},"b":{"0":[0,0]}}
,"C:\\Dev logiciel web\\S5\\Marvel-app\\marvel-app\\src\\api\\characters-api.js": {"path":"C:\\Dev logiciel web\\S5\\Marvel-app\\marvel-app\\src\\api\\characters-api.js","statementMap":{"0":{"start":{"line":8,"column":4},"end":{"line":8,"column":22}},"1":{"start":{"line":13,"column":4},"end":{"line":13,"column":61}},"2":{"start":{"line":13,"column":40},"end":{"line":13,"column":59}},"3":{"start":{"line":18,"column":4},"end":{"line":33,"column":7}},"4":{"start":{"line":19,"column":8},"end":{"line":31,"column":9}},"5":{"start":{"line":20,"column":12},"end":{"line":24,"column":13}},"6":{"start":{"line":21,"column":16},"end":{"line":21,"column":52}},"7":{"start":{"line":23,"column":16},"end":{"line":23,"column":52}},"8":{"start":{"line":25,"column":15},"end":{"line":31,"column":9}},"9":{"start":{"line":26,"column":12},"end":{"line":30,"column":13}},"10":{"start":{"line":27,"column":16},"end":{"line":27,"column":67}},"11":{"start":{"line":29,"column":16},"end":{"line":29,"column":67}},"12":{"start":{"line":32,"column":8},"end":{"line":32,"column":17}}},"fnMap":{"0":{"name":"getCharacters","decl":{"start":{"line":7,"column":16},"end":{"line":7,"column":29}},"loc":{"start":{"line":7,"column":32},"end":{"line":9,"column":1}},"line":7},"1":{"name":"getCharacterById","decl":{"start":{"line":12,"column":16},"end":{"line":12,"column":32}},"loc":{"start":{"line":12,"column":37},"end":{"line":14,"column":1}},"line":12},"2":{"name":"(anonymous_2)","decl":{"start":{"line":13,"column":27},"end":{"line":13,"column":28}},"loc":{"start":{"line":13,"column":40},"end":{"line":13,"column":59}},"line":13},"3":{"name":"getSortedCharacters","decl":{"start":{"line":17,"column":16},"end":{"line":17,"column":35}},"loc":{"start":{"line":17,"column":51},"end":{"line":34,"column":1}},"line":17},"4":{"name":"(anonymous_4)","decl":{"start":{"line":18,"column":35},"end":{"line":18,"column":36}},"loc":{"start":{"line":18,"column":45},"end":{"line":33,"column":5}},"line":18}},"branchMap":{"0":{"loc":{"start":{"line":19,"column":8},"end":{"line":31,"column":9}},"type":"if","locations":[{"start":{"line":19,"column":8},"end":{"line":31,"column":9}},{"start":{"line":25,"column":15},"end":{"line":31,"column":9}}],"line":19},"1":{"loc":{"start":{"line":20,"column":12},"end":{"line":24,"column":13}},"type":"if","locations":[{"start":{"line":20,"column":12},"end":{"line":24,"column":13}},{"start":{"line":22,"column":19},"end":{"line":24,"column":13}}],"line":20},"2":{"loc":{"start":{"line":25,"column":15},"end":{"line":31,"column":9}},"type":"if","locations":[{"start":{"line":25,"column":15},"end":{"line":31,"column":9}},{"start":{},"end":{}}],"line":25},"3":{"loc":{"start":{"line":26,"column":12},"end":{"line":30,"column":13}},"type":"if","locations":[{"start":{"line":26,"column":12},"end":{"line":30,"column":13}},{"start":{"line":28,"column":19},"end":{"line":30,"column":13}}],"line":26}},"s":{"0":1,"1":2,"2":4,"3":4,"4":11,"5":7,"6":3,"7":4,"8":4,"9":4,"10":2,"11":2,"12":0},"f":{"0":1,"1":2,"2":4,"3":4,"4":11},"b":{"0":[7,4],"1":[3,4],"2":[4,0],"3":[2,2]},"_coverageSchema":"1a1c01bbd47fc00a2c39e90264f33305004495a9","hash":"c348be616d38b8a76022faa22e53bd38fa833db2"}
,"C:\\Dev logiciel web\\S5\\Marvel-app\\marvel-app\\src\\components\\BlogPost.jsx": {"path":"C:\\Dev logiciel web\\S5\\Marvel-app\\marvel-app\\src\\components\\BlogPost.jsx","statementMap":{"0":{"start":{"line":4,"column":19},"end":{"line":4,"column":30}},"1":{"start":{"line":6,"column":4},"end":{"line":10,"column":6}}},"fnMap":{"0":{"name":"BlogPost","decl":{"start":{"line":3,"column":24},"end":{"line":3,"column":32}},"loc":{"start":{"line":3,"column":35},"end":{"line":11,"column":1}},"line":3}},"branchMap":{},"s":{"0":0,"1":0},"f":{"0":0},"b":{}}
,"C:\\Dev logiciel web\\S5\\Marvel-app\\marvel-app\\src\\components\\CharacterDetail.jsx": {"path":"C:\\Dev logiciel web\\S5\\Marvel-app\\marvel-app\\src\\components\\CharacterDetail.jsx","statementMap":{"0":{"start":{"line":4,"column":24},"end":{"line":19,"column":1}},"1":{"start":{"line":5,"column":49},"end":{"line":5,"column":58}},"2":{"start":{"line":7,"column":4},"end":{"line":18,"column":6}}},"fnMap":{"0":{"name":"(anonymous_0)","decl":{"start":{"line":4,"column":24},"end":{"line":4,"column":25}},"loc":{"start":{"line":4,"column":43},"end":{"line":19,"column":1}},"line":4}},"branchMap":{"0":{"loc":{"start":{"line":9,"column":13},"end":{"line":14,"column":13}},"type":"binary-expr","locations":[{"start":{"line":9,"column":13},"end":{"line":9,"column":22}},{"start":{"line":10,"column":16},"end":{"line":13,"column":18}}],"line":9},"1":{"loc":{"start":{"line":15,"column":16},"end":{"line":15,"column":58}},"type":"binary-expr","locations":[{"start":{"line":15,"column":16},"end":{"line":15,"column":27}},{"start":{"line":15,"column":31},"end":{"line":15,"column":58}}],"line":15},"2":{"loc":{"start":{"line":16,"column":16},"end":{"line":16,"column":96}},"type":"cond-expr","locations":[{"start":{"line":16,"column":27},"end":{"line":16,"column":60}},{"start":{"line":16,"column":63},"end":{"line":16,"column":96}}],"line":16}},"s":{"0":1,"1":6,"2":6},"f":{"0":6},"b":{"0":[6,2],"1":[6,4],"2":[2,4]},"_coverageSchema":"1a1c01bbd47fc00a2c39e90264f33305004495a9","hash":"de9bfde8262562ba532ce28b85957f1a2008fa61"}
,"C:\\Dev logiciel web\\S5\\Marvel-app\\marvel-app\\src\\components\\CharactersList.jsx": {"path":"C:\\Dev logiciel web\\S5\\Marvel-app\\marvel-app\\src\\components\\CharactersList.jsx","statementMap":{"0":{"start":{"line":6,"column":4},"end":{"line":16,"column":6}},"1":{"start":{"line":9,"column":16},"end":{"line":13,"column":21}}},"fnMap":{"0":{"name":"CharactersList","decl":{"start":{"line":5,"column":16},"end":{"line":5,"column":30}},"loc":{"start":{"line":5,"column":52},"end":{"line":17,"column":1}},"line":5},"1":{"name":"(anonymous_1)","decl":{"start":{"line":8,"column":28},"end":{"line":8,"column":29}},"loc":{"start":{"line":9,"column":16},"end":{"line":13,"column":21}},"line":9}},"branchMap":{"0":{"loc":{"start":{"line":5,"column":33},"end":{"line":5,"column":48}},"type":"default-arg","locations":[{"start":{"line":5,"column":46},"end":{"line":5,"column":48}}],"line":5},"1":{"loc":{"start":{"line":11,"column":68},"end":{"line":11,"column":149}},"type":"cond-expr","locations":[{"start":{"line":11,"column":89},"end":{"line":11,"column":132}},{"start":{"line":11,"column":135},"end":{"line":11,"column":149}}],"line":11}},"s":{"0":11,"1":20},"f":{"0":11,"1":20},"b":{"0":[0],"1":[13,7]},"_coverageSchema":"1a1c01bbd47fc00a2c39e90264f33305004495a9","hash":"4bc466d6b0ff1c33c0980be3ae093619d42a3dbf"}
,"C:\\Dev logiciel web\\S5\\Marvel-app\\marvel-app\\src\\components\\D3PieChart.jsx": {"path":"C:\\Dev logiciel web\\S5\\Marvel-app\\marvel-app\\src\\components\\D3PieChart.jsx","statementMap":{"0":{"start":{"line":6,"column":17},"end":{"line":6,"column":20}},"1":{"start":{"line":9,"column":15},"end":{"line":11,"column":1}},"2":{"start":{"line":14,"column":14},"end":{"line":14,"column":55}},"3":{"start":{"line":15,"column":15},"end":{"line":15,"column":56}},"4":{"start":{"line":18,"column":15},"end":{"line":18,"column":42}},"5":{"start":{"line":20,"column":18},"end":{"line":68,"column":1}},"6":{"start":{"line":22,"column":4},"end":{"line":24,"column":18}},"7":{"start":{"line":27,"column":18},"end":{"line":29,"column":35}},"8":{"start":{"line":28,"column":30},"end":{"line":28,"column":36}},"9":{"start":{"line":32,"column":16},"end":{"line":34,"column":19}},"10":{"start":{"line":33,"column":20},"end":{"line":33,"column":27}},"11":{"start":{"line":37,"column":16},"end":{"line":39,"column":34}},"12":{"start":{"line":42,"column":16},"end":{"line":47,"column":68}},"13":{"start":{"line":50,"column":4},"end":{"line":57,"column":38}},"14":{"start":{"line":55,"column":27},"end":{"line":55,"column":45}},"15":{"start":{"line":60,"column":4},"end":{"line":67,"column":36}},"16":{"start":{"line":64,"column":19},"end":{"line":64,"column":52}},"17":{"start":{"line":65,"column":32},"end":{"line":65,"column":63}},"18":{"start":{"line":74,"column":4},"end":{"line":80,"column":15}},"19":{"start":{"line":76,"column":29},"end":{"line":76,"column":46}},"20":{"start":{"line":79,"column":8},"end":{"line":79,"column":32}},"21":{"start":{"line":82,"column":4},"end":{"line":85,"column":6}}},"fnMap":{"0":{"name":"(anonymous_0)","decl":{"start":{"line":20,"column":18},"end":{"line":20,"column":19}},"loc":{"start":{"line":20,"column":28},"end":{"line":68,"column":1}},"line":20},"1":{"name":"(anonymous_1)","decl":{"start":{"line":28,"column":25},"end":{"line":28,"column":26}},"loc":{"start":{"line":28,"column":30},"end":{"line":28,"column":36}},"line":28},"2":{"name":"(anonymous_2)","decl":{"start":{"line":33,"column":15},"end":{"line":33,"column":16}},"loc":{"start":{"line":33,"column":20},"end":{"line":33,"column":27}},"line":33},"3":{"name":"(anonymous_3)","decl":{"start":{"line":55,"column":22},"end":{"line":55,"column":23}},"loc":{"start":{"line":55,"column":27},"end":{"line":55,"column":45}},"line":55},"4":{"name":"(anonymous_4)","decl":{"start":{"line":64,"column":14},"end":{"line":64,"column":15}},"loc":{"start":{"line":64,"column":19},"end":{"line":64,"column":52}},"line":64},"5":{"name":"(anonymous_5)","decl":{"start":{"line":65,"column":27},"end":{"line":65,"column":28}},"loc":{"start":{"line":65,"column":32},"end":{"line":65,"column":63}},"line":65},"6":{"name":"D3PieChart","decl":{"start":{"line":70,"column":24},"end":{"line":70,"column":34}},"loc":{"start":{"line":72,"column":3},"end":{"line":86,"column":1}},"line":72},"7":{"name":"(anonymous_7)","decl":{"start":{"line":74,"column":14},"end":{"line":74,"column":15}},"loc":{"start":{"line":74,"column":20},"end":{"line":80,"column":5}},"line":74}},"branchMap":{},"s":{"0":2,"1":2,"2":2,"3":2,"4":2,"5":2,"6":4,"7":4,"8":6,"9":4,"10":12,"11":4,"12":4,"13":4,"14":6,"15":4,"16":6,"17":6,"18":4,"19":4,"20":4,"21":4},"f":{"0":4,"1":6,"2":12,"3":6,"4":6,"5":6,"6":4,"7":4},"b":{},"_coverageSchema":"1a1c01bbd47fc00a2c39e90264f33305004495a9","hash":"f522a2774fb1861b60bd2211cfa4fe108ed0eb78"}
,"C:\\Dev logiciel web\\S5\\Marvel-app\\marvel-app\\src\\components\\DateFormat.jsx": {"path":"C:\\Dev logiciel web\\S5\\Marvel-app\\marvel-app\\src\\components\\DateFormat.jsx","statementMap":{"0":{"start":{"line":3,"column":19},"end":{"line":9,"column":1}},"1":{"start":{"line":4,"column":17},"end":{"line":4,"column":34}},"2":{"start":{"line":5,"column":20},"end":{"line":5,"column":71}},"3":{"start":{"line":6,"column":26},"end":{"line":6,"column":67}},"4":{"start":{"line":8,"column":4},"end":{"line":8,"column":40}}},"fnMap":{"0":{"name":"(anonymous_0)","decl":{"start":{"line":3,"column":19},"end":{"line":3,"column":20}},"loc":{"start":{"line":3,"column":36},"end":{"line":9,"column":1}},"line":3}},"branchMap":{},"s":{"0":3,"1":15,"2":15,"3":15,"4":15},"f":{"0":15},"b":{},"_coverageSchema":"1a1c01bbd47fc00a2c39e90264f33305004495a9","hash":"ae00bb6bf187d31217e4e6efc502ccc6a853195f"}
,"C:\\Dev logiciel web\\S5\\Marvel-app\\marvel-app\\src\\components\\RechartsPieChart.jsx": {"path":"C:\\Dev logiciel web\\S5\\Marvel-app\\marvel-app\\src\\components\\RechartsPieChart.jsx","statementMap":{"0":{"start":{"line":5,"column":15},"end":{"line":5,"column":81}},"1":{"start":{"line":7,"column":25},"end":{"line":29,"column":1}},"2":{"start":{"line":8,"column":25},"end":{"line":8,"column":42}},"3":{"start":{"line":10,"column":4},"end":{"line":28,"column":6}},"4":{"start":{"line":22,"column":20},"end":{"line":22,"column":87}}},"fnMap":{"0":{"name":"(anonymous_0)","decl":{"start":{"line":7,"column":25},"end":{"line":7,"column":26}},"loc":{"start":{"line":7,"column":39},"end":{"line":29,"column":1}},"line":7},"1":{"name":"(anonymous_1)","decl":{"start":{"line":21,"column":34},"end":{"line":21,"column":35}},"loc":{"start":{"line":22,"column":20},"end":{"line":22,"column":87}},"line":22}},"branchMap":{},"s":{"0":2,"1":2,"2":4,"3":4,"4":6},"f":{"0":4,"1":6},"b":{},"_coverageSchema":"1a1c01bbd47fc00a2c39e90264f33305004495a9","hash":"6f5a70c04fd63a53d32983ce76693b1217bb1b5a"}
,"C:\\Dev logiciel web\\S5\\Marvel-app\\marvel-app\\src\\components\\chart-utils.js": {"path":"C:\\Dev logiciel web\\S5\\Marvel-app\\marvel-app\\src\\components\\chart-utils.js","statementMap":{"0":{"start":{"line":2,"column":4},"end":{"line":7,"column":12}},"1":{"start":{"line":3,"column":32},"end":{"line":3,"column":51}},"2":{"start":{"line":4,"column":32},"end":{"line":7,"column":9}}},"fnMap":{"0":{"name":"prepareData","decl":{"start":{"line":1,"column":16},"end":{"line":1,"column":27}},"loc":{"start":{"line":1,"column":39},"end":{"line":8,"column":1}},"line":1},"1":{"name":"(anonymous_1)","decl":{"start":{"line":3,"column":16},"end":{"line":3,"column":17}},"loc":{"start":{"line":3,"column":32},"end":{"line":3,"column":51}},"line":3},"2":{"name":"(anonymous_2)","decl":{"start":{"line":4,"column":13},"end":{"line":4,"column":14}},"loc":{"start":{"line":4,"column":32},"end":{"line":7,"column":9}},"line":4}},"branchMap":{"0":{"loc":{"start":{"line":1,"column":28},"end":{"line":1,"column":37}},"type":"default-arg","locations":[{"start":{"line":1,"column":35},"end":{"line":1,"column":37}}],"line":1}},"s":{"0":10,"1":14,"2":12},"f":{"0":10,"1":14,"2":12},"b":{"0":[7]},"_coverageSchema":"1a1c01bbd47fc00a2c39e90264f33305004495a9","hash":"68cb2b8802f6a2fad8ac7830808c049da39bb6ff"}
,"C:\\Dev logiciel web\\S5\\Marvel-app\\marvel-app\\src\\components\\numberofcharacters.jsx": {"path":"C:\\Dev logiciel web\\S5\\Marvel-app\\marvel-app\\src\\components\\numberofcharacters.jsx","statementMap":{"0":{"start":{"line":2,"column":16},"end":{"line":2,"column":33}},"1":{"start":{"line":4,"column":2},"end":{"line":8,"column":4}}},"fnMap":{"0":{"name":"NumberOfCharacters","decl":{"start":{"line":1,"column":16},"end":{"line":1,"column":34}},"loc":{"start":{"line":1,"column":54},"end":{"line":9,"column":1}},"line":1}},"branchMap":{"0":{"loc":{"start":{"line":1,"column":37},"end":{"line":1,"column":51}},"type":"default-arg","locations":[{"start":{"line":1,"column":49},"end":{"line":1,"column":51}}],"line":1},"1":{"loc":{"start":{"line":6,"column":7},"end":{"line":6,"column":97}},"type":"cond-expr","locations":[{"start":{"line":6,"column":19},"end":{"line":6,"column":71}},{"start":{"line":6,"column":74},"end":{"line":6,"column":97}}],"line":6},"2":{"loc":{"start":{"line":6,"column":49},"end":{"line":6,"column":69}},"type":"cond-expr","locations":[{"start":{"line":6,"column":61},"end":{"line":6,"column":64}},{"start":{"line":6,"column":67},"end":{"line":6,"column":69}}],"line":6}},"s":{"0":9,"1":9},"f":{"0":9},"b":{"0":[0],"1":[8,1],"2":[7,1]},"_coverageSchema":"1a1c01bbd47fc00a2c39e90264f33305004495a9","hash":"6ec5d5ce3450e1368cb250188f4af6b17e9d5ee6"}
,"C:\\Dev logiciel web\\S5\\Marvel-app\\marvel-app\\src\\pages\\AboutPage.jsx": {"path":"C:\\Dev logiciel web\\S5\\Marvel-app\\marvel-app\\src\\pages\\AboutPage.jsx","statementMap":{"0":{"start":{"line":3,"column":18},"end":{"line":17,"column":1}},"1":{"start":{"line":5,"column":2},"end":{"line":7,"column":9}},"2":{"start":{"line":6,"column":4},"end":{"line":6,"column":42}},"3":{"start":{"line":9,"column":2},"end":{"line":16,"column":4}}},"fnMap":{"0":{"name":"(anonymous_0)","decl":{"start":{"line":3,"column":18},"end":{"line":3,"column":19}},"loc":{"start":{"line":3,"column":24},"end":{"line":17,"column":1}},"line":3},"1":{"name":"(anonymous_1)","decl":{"start":{"line":5,"column":12},"end":{"line":5,"column":13}},"loc":{"start":{"line":5,"column":18},"end":{"line":7,"column":3}},"line":5}},"branchMap":{},"s":{"0":1,"1":2,"2":2,"3":2},"f":{"0":2,"1":2},"b":{},"_coverageSchema":"1a1c01bbd47fc00a2c39e90264f33305004495a9","hash":"f5c4434486da5e2b2e3b06e7eee538b44ff37036"}
,"C:\\Dev logiciel web\\S5\\Marvel-app\\marvel-app\\src\\pages\\CharacterDetailPage.jsx": {"path":"C:\\Dev logiciel web\\S5\\Marvel-app\\marvel-app\\src\\pages\\CharacterDetailPage.jsx","statementMap":{"0":{"start":{"line":9,"column":28},"end":{"line":34,"column":1}},"1":{"start":{"line":11,"column":22},"end":{"line":11,"column":37}},"2":{"start":{"line":13,"column":4},"end":{"line":15,"column":20}},"3":{"start":{"line":14,"column":8},"end":{"line":14,"column":58}},"4":{"start":{"line":17,"column":4},"end":{"line":33,"column":6}}},"fnMap":{"0":{"name":"(anonymous_0)","decl":{"start":{"line":9,"column":28},"end":{"line":9,"column":29}},"loc":{"start":{"line":9,"column":34},"end":{"line":34,"column":1}},"line":9},"1":{"name":"(anonymous_1)","decl":{"start":{"line":13,"column":14},"end":{"line":13,"column":15}},"loc":{"start":{"line":13,"column":20},"end":{"line":15,"column":5}},"line":13}},"branchMap":{},"s":{"0":1,"1":3,"2":3,"3":3,"4":3},"f":{"0":3,"1":3},"b":{},"_coverageSchema":"1a1c01bbd47fc00a2c39e90264f33305004495a9","hash":"4d3ba5ef8e1adb5976b573a5c8e1f8bacd92a669"}
,"C:\\Dev logiciel web\\S5\\Marvel-app\\marvel-app\\src\\pages\\CharactersPage.jsx": {"path":"C:\\Dev logiciel web\\S5\\Marvel-app\\marvel-app\\src\\pages\\CharactersPage.jsx","statementMap":{"0":{"start":{"line":8,"column":23},"end":{"line":8,"column":38}},"1":{"start":{"line":9,"column":21},"end":{"line":9,"column":34}},"2":{"start":{"line":10,"column":32},"end":{"line":10,"column":48}},"3":{"start":{"line":11,"column":30},"end":{"line":11,"column":45}},"4":{"start":{"line":13,"column":4},"end":{"line":15,"column":11}},"5":{"start":{"line":14,"column":8},"end":{"line":14,"column":38}},"6":{"start":{"line":17,"column":29},"end":{"line":20,"column":5}},"7":{"start":{"line":18,"column":8},"end":{"line":18,"column":34}},"8":{"start":{"line":19,"column":8},"end":{"line":19,"column":41}},"9":{"start":{"line":22,"column":30},"end":{"line":25,"column":5}},"10":{"start":{"line":23,"column":8},"end":{"line":23,"column":33}},"11":{"start":{"line":24,"column":8},"end":{"line":24,"column":42}},"12":{"start":{"line":27,"column":22},"end":{"line":29,"column":5}},"13":{"start":{"line":28,"column":8},"end":{"line":28,"column":53}},"14":{"start":{"line":31,"column":29},"end":{"line":31,"column":63}},"15":{"start":{"line":33,"column":4},"end":{"line":55,"column":6}}},"fnMap":{"0":{"name":"CharactersPage","decl":{"start":{"line":7,"column":24},"end":{"line":7,"column":38}},"loc":{"start":{"line":7,"column":41},"end":{"line":56,"column":1}},"line":7},"1":{"name":"(anonymous_1)","decl":{"start":{"line":13,"column":14},"end":{"line":13,"column":15}},"loc":{"start":{"line":13,"column":20},"end":{"line":15,"column":5}},"line":13},"2":{"name":"(anonymous_2)","decl":{"start":{"line":17,"column":29},"end":{"line":17,"column":30}},"loc":{"start":{"line":17,"column":36},"end":{"line":20,"column":5}},"line":17},"3":{"name":"(anonymous_3)","decl":{"start":{"line":22,"column":30},"end":{"line":22,"column":31}},"loc":{"start":{"line":22,"column":37},"end":{"line":25,"column":5}},"line":22},"4":{"name":"(anonymous_4)","decl":{"start":{"line":27,"column":22},"end":{"line":27,"column":23}},"loc":{"start":{"line":27,"column":41},"end":{"line":29,"column":5}},"line":27}},"branchMap":{},"s":{"0":6,"1":6,"2":6,"3":6,"4":6,"5":4,"6":6,"7":1,"8":1,"9":6,"10":1,"11":1,"12":6,"13":2,"14":6,"15":6},"f":{"0":6,"1":4,"2":1,"3":1,"4":2},"b":{},"_coverageSchema":"1a1c01bbd47fc00a2c39e90264f33305004495a9","hash":"79c7e8e2d4fec3fdc8a3cc74f75f0cc6d8331d63"}
,"C:\\Dev logiciel web\\S5\\Marvel-app\\marvel-app\\src\\pages\\ContactPage.jsx": {"path":"C:\\Dev logiciel web\\S5\\Marvel-app\\marvel-app\\src\\pages\\ContactPage.jsx","statementMap":{"0":{"start":{"line":3,"column":20},"end":{"line":18,"column":1}},"1":{"start":{"line":5,"column":2},"end":{"line":7,"column":9}},"2":{"start":{"line":6,"column":4},"end":{"line":6,"column":44}},"3":{"start":{"line":9,"column":2},"end":{"line":17,"column":4}}},"fnMap":{"0":{"name":"(anonymous_0)","decl":{"start":{"line":3,"column":20},"end":{"line":3,"column":21}},"loc":{"start":{"line":3,"column":26},"end":{"line":18,"column":1}},"line":3},"1":{"name":"(anonymous_1)","decl":{"start":{"line":5,"column":12},"end":{"line":5,"column":13}},"loc":{"start":{"line":5,"column":18},"end":{"line":7,"column":3}},"line":5}},"branchMap":{},"s":{"0":1,"1":6,"2":6,"3":6},"f":{"0":6,"1":6},"b":{},"_coverageSchema":"1a1c01bbd47fc00a2c39e90264f33305004495a9","hash":"79d5ca84c6f6597bd27f967b2979e96144759da9"}
}
