TN:
SF:src\App.jsx
FN:8,App
FNF:1
FNH:0
FNDA:0,App
DA:6,0
DA:9,0
LF:2
LH:0
BRF:0
BRH:0
end_of_record
TN:
SF:src\layout.jsx
FN:5,(anonymous_0)
FNF:1
FNH:0
FNDA:0,(anonymous_0)
DA:5,0
DA:6,0
LF:2
LH:0
BRF:0
BRH:0
end_of_record
TN:
SF:src\main.jsx
FNF:0
FNH:0
DA:6,0
LF:1
LH:0
BRF:0
BRH:0
end_of_record
TN:
SF:src\routes.jsx
FN:21,(anonymous_0)
FNF:1
FNH:0
FNDA:0,(anonymous_0)
DA:10,0
DA:22,0
DA:23,0
DA:24,0
DA:26,0
LF:5
LH:0
BRDA:23,0,0,0
BRDA:23,0,1,0
BRF:2
BRH:0
end_of_record
TN:
SF:src\api\characters-api.js
FN:7,getCharacters
FN:12,getCharacterById
FN:13,(anonymous_2)
FN:17,getSortedCharacters
FN:18,(anonymous_4)
FNF:5
FNH:5
FNDA:1,getCharacters
FNDA:2,getCharacterById
FNDA:4,(anonymous_2)
FNDA:4,getSortedCharacters
FNDA:11,(anonymous_4)
DA:8,1
DA:13,4
DA:18,4
DA:19,11
DA:20,7
DA:21,3
DA:23,4
DA:25,4
DA:26,4
DA:27,2
DA:29,2
DA:32,0
LF:12
LH:11
BRDA:19,0,0,7
BRDA:19,0,1,4
BRDA:20,1,0,3
BRDA:20,1,1,4
BRDA:25,2,0,4
BRDA:25,2,1,0
BRDA:26,3,0,2
BRDA:26,3,1,2
BRF:8
BRH:7
end_of_record
TN:
SF:src\components\BlogPost.jsx
FN:3,BlogPost
FNF:1
FNH:0
FNDA:0,BlogPost
DA:4,0
DA:6,0
LF:2
LH:0
BRF:0
BRH:0
end_of_record
TN:
SF:src\components\CharacterDetail.jsx
FN:4,(anonymous_0)
FNF:1
FNH:1
FNDA:6,(anonymous_0)
DA:4,1
DA:5,6
DA:7,6
LF:3
LH:3
BRDA:9,0,0,6
BRDA:9,0,1,2
BRDA:15,1,0,6
BRDA:15,1,1,4
BRDA:16,2,0,2
BRDA:16,2,1,4
BRF:6
BRH:6
end_of_record
TN:
SF:src\components\CharactersList.jsx
FN:5,CharactersList
FN:8,(anonymous_1)
FNF:2
FNH:2
FNDA:11,CharactersList
FNDA:20,(anonymous_1)
DA:6,11
DA:9,20
LF:2
LH:2
BRDA:5,0,0,0
BRDA:11,1,0,13
BRDA:11,1,1,7
BRF:3
BRH:2
end_of_record
TN:
SF:src\components\D3PieChart.jsx
FN:20,(anonymous_0)
FN:28,(anonymous_1)
FN:33,(anonymous_2)
FN:55,(anonymous_3)
FN:64,(anonymous_4)
FN:65,(anonymous_5)
FN:70,D3PieChart
FN:74,(anonymous_7)
FNF:8
FNH:8
FNDA:4,(anonymous_0)
FNDA:6,(anonymous_1)
FNDA:12,(anonymous_2)
FNDA:6,(anonymous_3)
FNDA:6,(anonymous_4)
FNDA:6,(anonymous_5)
FNDA:4,D3PieChart
FNDA:4,(anonymous_7)
DA:6,2
DA:9,2
DA:14,2
DA:15,2
DA:18,2
DA:20,2
DA:22,4
DA:27,4
DA:28,6
DA:32,4
DA:33,12
DA:37,4
DA:42,4
DA:50,4
DA:55,6
DA:60,4
DA:64,6
DA:65,6
DA:74,4
DA:76,4
DA:79,4
DA:82,4
LF:22
LH:22
BRF:0
BRH:0
end_of_record
TN:
SF:src\components\DateFormat.jsx
FN:3,(anonymous_0)
FNF:1
FNH:1
FNDA:15,(anonymous_0)
DA:3,3
DA:4,15
DA:5,15
DA:6,15
DA:8,15
LF:5
LH:5
BRF:0
BRH:0
end_of_record
TN:
SF:src\components\RechartsPieChart.jsx
FN:7,(anonymous_0)
FN:21,(anonymous_1)
FNF:2
FNH:2
FNDA:4,(anonymous_0)
FNDA:6,(anonymous_1)
DA:5,2
DA:7,2
DA:8,4
DA:10,4
DA:22,6
LF:5
LH:5
BRF:0
BRH:0
end_of_record
TN:
SF:src\components\chart-utils.js
FN:1,prepareData
FN:3,(anonymous_1)
FN:4,(anonymous_2)
FNF:3
FNH:3
FNDA:10,prepareData
FNDA:14,(anonymous_1)
FNDA:12,(anonymous_2)
DA:2,10
DA:3,14
DA:4,12
LF:3
LH:3
BRDA:1,0,0,7
BRF:1
BRH:1
end_of_record
TN:
SF:src\components\numberofcharacters.jsx
FN:1,NumberOfCharacters
FNF:1
FNH:1
FNDA:9,NumberOfCharacters
DA:2,9
DA:4,9
LF:2
LH:2
BRDA:1,0,0,0
BRDA:6,1,0,8
BRDA:6,1,1,1
BRDA:6,2,0,7
BRDA:6,2,1,1
BRF:5
BRH:4
end_of_record
TN:
SF:src\pages\AboutPage.jsx
FN:3,(anonymous_0)
FN:5,(anonymous_1)
FNF:2
FNH:2
FNDA:2,(anonymous_0)
FNDA:2,(anonymous_1)
DA:3,1
DA:5,2
DA:6,2
DA:9,2
LF:4
LH:4
BRF:0
BRH:0
end_of_record
TN:
SF:src\pages\CharacterDetailPage.jsx
FN:9,(anonymous_0)
FN:13,(anonymous_1)
FNF:2
FNH:2
FNDA:3,(anonymous_0)
FNDA:3,(anonymous_1)
DA:9,1
DA:11,3
DA:13,3
DA:14,3
DA:17,3
LF:5
LH:5
BRF:0
BRH:0
end_of_record
TN:
SF:src\pages\CharactersPage.jsx
FN:7,CharactersPage
FN:13,(anonymous_1)
FN:17,(anonymous_2)
FN:22,(anonymous_3)
FN:27,(anonymous_4)
FNF:5
FNH:5
FNDA:6,CharactersPage
FNDA:4,(anonymous_1)
FNDA:1,(anonymous_2)
FNDA:1,(anonymous_3)
FNDA:2,(anonymous_4)
DA:8,6
DA:9,6
DA:10,6
DA:11,6
DA:13,6
DA:14,4
DA:17,6
DA:18,1
DA:19,1
DA:22,6
DA:23,1
DA:24,1
DA:27,6
DA:28,2
DA:31,6
DA:33,6
LF:16
LH:16
BRF:0
BRH:0
end_of_record
TN:
SF:src\pages\ContactPage.jsx
FN:3,(anonymous_0)
FN:5,(anonymous_1)
FNF:2
FNH:2
FNDA:6,(anonymous_0)
FNDA:6,(anonymous_1)
DA:3,1
DA:5,6
DA:6,6
DA:9,6
LF:4
LH:4
BRF:0
BRH:0
end_of_record
